app/build/outputs/logs/manifest-merger-debug-report.txt
-- Merging decision tree log ---
manifest
ADDED from AndroidManifest.xml:2:1
	xmlns:android
		ADDED from AndroidManifest.xml:2:11
	package
		ADDED from AndroidManifest.xml:3:5
		INJECTED from AndroidManifest.xml:0:0
		INJECTED from AndroidManifest.xml:0:0
	android:versionName
		ADDED from AndroidManifest.xml:5:5
	android:versionCode
		ADDED from AndroidManifest.xml:4:5
		INJECTED from AndroidManifest.xml:0:0
		INJECTED from AndroidManifest.xml:0:0
uses-sdk
ADDED from AndroidManifest.xml:7:5
	android:targetSdkVersion
		INJECTED from AndroidManifest.xml:0:0
		INJECTED from AndroidManifest.xml:0:0
	android:minSdkVersion
		ADDED from AndroidManifest.xml:7:15
		INJECTED from AndroidManifest.xml:0:0
		INJECTED from AndroidManifest.xml:0:0
uses-permission#android.permission.INTERNET
ADDED from AndroidManifest.xml:8:5
	android:name
		ADDED from AndroidManifest.xml:8:22
application
ADDED from AndroidManifest.xml:10:5
	android:label
		ADDED from AndroidManifest.xml:12:9
	android:icon
		ADDED from AndroidManifest.xml:11:9
	android:enabled
		ADDED from AndroidManifest.xml:13:9
activity#ie.ds.wit.MainActivity
ADDED from AndroidManifest.xml:15:9
	android:label
		ADDED from AndroidManifest.xml:17:13
	android:name
		ADDED from AndroidManifest.xml:16:13
intent-filter#android.intent.category.DEFAULT+ie.ds.wit.CLEARSCREEN
ADDED from AndroidManifest.xml:18:13
action#ie.ds.wit.CLEARSCREEN
ADDED from AndroidManifest.xml:19:15
	android:name
		ADDED from AndroidManifest.xml:19:24
category#android.intent.category.DEFAULT
ADDED from AndroidManifest.xml:20:15
	android:name
		ADDED from AndroidManifest.xml:20:25
activity#ie.ds.wit.Intro
ADDED from AndroidManifest.xml:24:8
	android:label
		ADDED from AndroidManifest.xml:26:13
	android:name
		ADDED from AndroidManifest.xml:25:13
intent-filter#android.intent.action.MAIN+android.intent.category.LAUNCHER
ADDED from AndroidManifest.xml:27:12
action#android.intent.action.MAIN
ADDED from AndroidManifest.xml:28:14
	android:name
		ADDED from AndroidManifest.xml:28:22
category#android.intent.category.LAUNCHER
ADDED from AndroidManifest.xml:29:14
	android:name
		ADDED from AndroidManifest.xml:29:24
activity#ie.ds.wit.AddItem
ADDED from AndroidManifest.xml:33:9
	android:label
		ADDED from AndroidManifest.xml:35:13
	android:name
		ADDED from AndroidManifest.xml:34:13
activity#ie.ds.wit.ListItem
ADDED from AndroidManifest.xml:38:9
	android:label
		ADDED from AndroidManifest.xml:40:13
	android:name
		ADDED from AndroidManifest.xml:39:13
activity#ie.ds.wit.EditItem
ADDED from AndroidManifest.xml:43:9
	android:label
		ADDED from AndroidManifest.xml:45:13
	android:name
		ADDED from AndroidManifest.xml:44:13
category#android.intent.category.BROWSABLE
ADDED from AndroidManifest.xml:46:13
	android:name
		ADDED from AndroidManifest.xml:46:23